2023-10-26 10:53:29,068 - INFO - 读取到的初始文件数据：['微信', 'C:/Program Files (x86)/Tencent/WeChat/WeChat.exe', '周志', '每天', '08:45:00', '现在不在工位上，如果有重要事情，请电话（13011111111）联系，谢谢！', 'C:/Program Files (x86)/Tencent/WeChat/WeChat.exe', 'C:/Program Files (x86)/WXWork/WXWork.exe', 'C:/Program Files (x86)/Tencent/TIM/Bin/TIM.exe']
2023-10-26 10:53:29,324 - INFO - 点击系统托盘的【启动】，正常显示主页面！
2023-10-26 10:53:34,203 - INFO - 已开启固定自动回复！
2023-10-26 10:53:39,919 - INFO - 当前联系人是：赵龙川
2023-10-26 10:53:39,928 - INFO - 没有符合条件的个人聊天窗口！
2023-10-26 10:53:39,928 - INFO - [2023-10-26 10:53:34] 联系人【赵龙川】的last_time:
2023-10-26 10:53:39,928 - INFO - [2023-10-26 10:53:34] 联系人【赵龙川】的last_msg:
2023-10-26 10:53:39,928 - INFO - {'赵龙川': ['', '']}
2023-10-26 10:53:39,928 - INFO - 当前联系人是：志
2023-10-26 10:53:39,939 - INFO - 没有符合条件的个人聊天窗口！
2023-10-26 10:53:39,939 - INFO - [2023-10-26 10:53:34] 联系人【志】的last_time:
2023-10-26 10:53:39,939 - INFO - [2023-10-26 10:53:34] 联系人【志】的last_msg:
2023-10-26 10:53:39,939 - INFO - {'赵龙川': ['', ''], '志': ['', '']}
2023-10-26 10:53:41,221 - INFO - 当前联系人是：赵龙川
2023-10-26 10:53:41,231 - INFO - 没有符合条件的个人聊天窗口！
2023-10-26 10:53:41,231 - INFO - [2023-10-26 10:53:34] 联系人【赵龙川】的last_time:
2023-10-26 10:53:41,231 - INFO - [2023-10-26 10:53:34] 联系人【赵龙川】的last_msg:
2023-10-26 10:53:41,231 - INFO - {'赵龙川': ['', ''], '志': ['', '']}
2023-10-26 10:53:41,231 - INFO - 当前联系人是：志
2023-10-26 10:53:41,240 - INFO - 没有符合条件的个人聊天窗口！
2023-10-26 10:53:41,240 - INFO - [2023-10-26 10:53:34] 联系人【志】的last_time:
2023-10-26 10:53:41,240 - INFO - [2023-10-26 10:53:34] 联系人【志】的last_msg:
2023-10-26 10:53:41,240 - INFO - {'赵龙川': ['', ''], '志': ['', '']}
2023-10-26 10:53:42,518 - INFO - 当前联系人是：赵龙川
2023-10-26 10:53:42,529 - INFO - 没有符合条件的个人聊天窗口！
2023-10-26 10:53:42,529 - INFO - [2023-10-26 10:53:34] 联系人【赵龙川】的last_time:
2023-10-26 10:53:42,529 - INFO - [2023-10-26 10:53:34] 联系人【赵龙川】的last_msg:
2023-10-26 10:53:42,529 - INFO - {'赵龙川': ['', ''], '志': ['', '']}
2023-10-26 10:53:42,529 - INFO - 当前联系人是：志
2023-10-26 10:53:42,537 - INFO - 没有符合条件的个人聊天窗口！
2023-10-26 10:53:42,537 - INFO - [2023-10-26 10:53:34] 联系人【志】的last_time:
2023-10-26 10:53:42,537 - INFO - [2023-10-26 10:53:34] 联系人【志】的last_msg:
2023-10-26 10:53:42,537 - INFO - {'赵龙川': ['', ''], '志': ['', '']}
2023-10-26 10:53:43,826 - INFO - 当前联系人是：赵龙川
2023-10-26 10:53:43,834 - INFO - 没有符合条件的个人聊天窗口！
2023-10-26 10:53:43,834 - INFO - [2023-10-26 10:53:34] 联系人【赵龙川】的last_time:
2023-10-26 10:53:43,834 - INFO - [2023-10-26 10:53:34] 联系人【赵龙川】的last_msg:
2023-10-26 10:53:43,835 - INFO - {'赵龙川': ['', ''], '志': ['', '']}
2023-10-26 10:53:43,835 - INFO - 当前联系人是：志
2023-10-26 10:53:43,845 - INFO - 没有符合条件的个人聊天窗口！
2023-10-26 10:53:43,845 - INFO - [2023-10-26 10:53:34] 联系人【志】的last_time:
2023-10-26 10:53:43,845 - INFO - [2023-10-26 10:53:34] 联系人【志】的last_msg:
2023-10-26 10:53:43,845 - INFO - {'赵龙川': ['', ''], '志': ['', '']}
2023-10-26 10:53:45,129 - INFO - 当前联系人是：赵龙川
2023-10-26 10:53:45,139 - INFO - 没有符合条件的个人聊天窗口！
2023-10-26 10:53:45,139 - INFO - [2023-10-26 10:53:34] 联系人【赵龙川】的last_time:
2023-10-26 10:53:45,139 - INFO - [2023-10-26 10:53:34] 联系人【赵龙川】的last_msg:
2023-10-26 10:53:45,139 - INFO - {'赵龙川': ['', ''], '志': ['', '']}
2023-10-26 10:53:45,140 - INFO - 当前联系人是：志
2023-10-26 10:53:45,148 - INFO - 没有符合条件的个人聊天窗口！
2023-10-26 10:53:45,148 - INFO - [2023-10-26 10:53:34] 联系人【志】的last_time:
2023-10-26 10:53:45,148 - INFO - [2023-10-26 10:53:34] 联系人【志】的last_msg:
2023-10-26 10:53:45,148 - INFO - {'赵龙川': ['', ''], '志': ['', '']}
2023-10-26 10:53:46,435 - INFO - 当前联系人是：赵龙川
2023-10-26 10:53:46,444 - INFO - 没有符合条件的个人聊天窗口！
2023-10-26 10:53:46,444 - INFO - [2023-10-26 10:53:34] 联系人【赵龙川】的last_time:
2023-10-26 10:53:46,444 - INFO - [2023-10-26 10:53:34] 联系人【赵龙川】的last_msg:
2023-10-26 10:53:46,444 - INFO - {'赵龙川': ['', ''], '志': ['', '']}
2023-10-26 10:53:46,444 - INFO - 当前联系人是：志
2023-10-26 10:53:46,454 - INFO - 没有符合条件的个人聊天窗口！
2023-10-26 10:53:46,454 - INFO - [2023-10-26 10:53:34] 联系人【志】的last_time:
2023-10-26 10:53:46,454 - INFO - [2023-10-26 10:53:34] 联系人【志】的last_msg:
2023-10-26 10:53:46,454 - INFO - {'赵龙川': ['', ''], '志': ['', '']}
2023-10-26 10:53:47,738 - INFO - 当前联系人是：赵龙川
2023-10-26 10:53:47,748 - INFO - 没有符合条件的个人聊天窗口！
2023-10-26 10:53:47,748 - INFO - [2023-10-26 10:53:34] 联系人【赵龙川】的last_time:
2023-10-26 10:53:47,749 - INFO - [2023-10-26 10:53:34] 联系人【赵龙川】的last_msg:
2023-10-26 10:53:47,749 - INFO - {'赵龙川': ['', ''], '志': ['', '']}
2023-10-26 10:53:47,749 - INFO - 当前联系人是：志
2023-10-26 10:53:47,757 - INFO - 没有符合条件的个人聊天窗口！
2023-10-26 10:53:47,757 - INFO - [2023-10-26 10:53:34] 联系人【志】的last_time:
2023-10-26 10:53:47,757 - INFO - [2023-10-26 10:53:34] 联系人【志】的last_msg:
2023-10-26 10:53:47,757 - INFO - {'赵龙川': ['', ''], '志': ['', '']}
2023-10-26 10:53:59,642 - INFO - 当前联系人是：赵龙川
2023-10-26 10:53:59,653 - INFO - 没有符合条件的个人聊天窗口！
2023-10-26 10:53:59,653 - INFO - [2023-10-26 10:53:34] 联系人【赵龙川】的last_time:
2023-10-26 10:53:59,653 - INFO - [2023-10-26 10:53:34] 联系人【赵龙川】的last_msg:
2023-10-26 10:53:59,653 - INFO - {'赵龙川': ['', ''], '志': ['', '']}
2023-10-26 10:53:59,653 - INFO - 当前联系人是：志
2023-10-26 10:53:59,662 - INFO - 没有符合条件的个人聊天窗口！
2023-10-26 10:53:59,662 - INFO - [2023-10-26 10:53:34] 联系人【志】的last_time:
2023-10-26 10:53:59,662 - INFO - [2023-10-26 10:53:34] 联系人【志】的last_msg:
2023-10-26 10:53:59,662 - INFO - {'赵龙川': ['', ''], '志': ['', '']}
2023-10-26 10:54:38,987 - INFO - 当前联系人是：赵龙川
2023-10-26 10:55:17,710 - INFO - 没有符合条件的个人聊天窗口！
2023-10-26 10:55:17,710 - INFO - [2023-10-26 10:53:34] 联系人【赵龙川】的last_time:
2023-10-26 10:55:17,710 - INFO - [2023-10-26 10:53:34] 联系人【赵龙川】的last_msg:
2023-10-26 10:55:17,710 - INFO - {'赵龙川': ['', ''], '志': ['', '']}
2023-10-26 10:55:17,710 - INFO - 当前联系人是：志
2023-10-26 10:56:15,345 - INFO - {'赵龙川': ['', ''], '志': ['10:53', '55886']}
2023-10-26 10:56:16,649 - INFO - 当前联系人是：赵龙川
2023-10-26 10:56:16,660 - INFO - 没有符合条件的个人聊天窗口！
2023-10-26 10:56:16,660 - INFO - [2023-10-26 10:53:34] 联系人【赵龙川】的last_time:
2023-10-26 10:56:16,660 - INFO - [2023-10-26 10:53:34] 联系人【赵龙川】的last_msg:
2023-10-26 10:56:16,660 - INFO - {'赵龙川': ['', ''], '志': ['10:53', '55886']}
2023-10-26 10:56:16,660 - INFO - 当前联系人是：志
2023-10-26 10:56:18,282 - INFO - 已终止固定自动回复！
2023-10-26 10:56:21,497 - INFO - 经选择后关闭整个应用！
2023-11-15 09:17:29,180 - INFO - 读取到的初始文件数据：['微信', 'C:/Program Files (x86)/Tencent/WeChat/WeChat.exe', '周志', '每天', '08:45:00', '现在不在工位上，如果有重要事情，请电话（13011111111）联系，谢谢！', 'C:/Program Files (x86)/Tencent/WeChat/WeChat.exe', 'C:/Program Files (x86)/WXWork/WXWork.exe', 'C:/Program Files (x86)/Tencent/TIM/Bin/TIM.exe']
2023-11-15 09:17:29,601 - INFO - 点击系统托盘的【启动】，正常显示主页面！
2023-11-15 09:17:47,975 - INFO - 应用名称：微信,应用路径：C:/Program Files (x86)/Tencent/WeChat/WeChat.exe,对话名称：志,间隔时间：每天,执行时间：08:45:00,发送内容：现在不在工位上，如果有重要事情，请电话（13011111111）联系，谢谢！。
2023-11-15 09:17:47,975 - INFO - 开始测试运行！
2023-11-15 09:19:10,175 - INFO - 应用名称：企业微信,应用路径：C:/Program Files (x86)/WXWork/WXWork.exe,对话名称：周志,间隔时间：每天,执行时间：08:45:00,发送内容：现在不在工位上，如果有重要事情，请电话（13011111111）联系，谢谢！。
2023-11-15 09:19:10,175 - INFO - 开始测试运行！
2023-11-15 09:19:42,222 - INFO - 配置信息重新写入的内容为：['企业微信', 'C:/Program Files (x86)/WXWork/WXWork.exe', '周志', '每天', '08:45:00', '现在不在工位上，如果有重要事情，请电话（13011111111）联系，谢谢！']
2023-11-15 09:19:42,261 - INFO - 应用名称：企业微信,应用路径：C:/Program Files (x86)/WXWork/WXWork.exe,对话名称：周志,间隔时间：每天,执行时间：08:45:00,发送内容：现在不在工位上，如果有重要事情，请电话（13011111111）联系，谢谢！。
2023-11-15 09:19:42,261 - INFO - 开始执行任务！
2023-11-15 09:19:55,792 - INFO - 已经停止任务！
2023-11-15 09:20:08,222 - INFO - 配置信息重新写入的内容为：['微信', 'C:/Program Files (x86)/Tencent/WeChat/WeChat.exe', '周志', '每天', '08:45:00', '现在不在工位上，如果有重要事情，请电话（13011111111）联系，谢谢！']
2023-11-15 09:20:08,226 - INFO - 应用名称：微信,应用路径：C:/Program Files (x86)/Tencent/WeChat/WeChat.exe,对话名称：周志,间隔时间：每天,执行时间：08:45:00,发送内容：现在不在工位上，如果有重要事情，请电话（13011111111）联系，谢谢！。
2023-11-15 09:20:08,226 - INFO - 开始执行任务！
2023-11-15 09:20:16,766 - INFO - 已经停止任务！
2023-11-15 09:20:24,046 - INFO - 经选择后关闭整个应用！
